2026-06-23 18:14:51 | INFO     | SimulationClock | SimulationClock initialized: 2025-03-01 09:30:00+00:00 → 2025-03-01 10:00:00+00:00, tick_interval=0:00:30, exchange_agents=1, trader_responses=0
2026-06-23 18:14:51 | INFO     | SimulationClock | Connecting to RabbitMQ server at localhost...
2026-06-23 18:14:51 | INFO     | SimulationClock | Declared time exchange 'time_exchange' (ExchangeType.TOPIC)
2026-06-23 18:14:51 | INFO     | SimulationClock | Clock queue bound to routing key 'simulation_clock'
2026-06-23 18:14:51 | INFO     | SimulationClock | Starting simulation: 2025-03-01 09:30:00+00:00 → 2025-03-01 10:00:00+00:00 (interval: 0:00:30)
2026-06-23 18:14:51 | INFO     | SimulationClock | Broadcasting TIME_TICK to exchange agents at 2025-03-01 09:30:00+00:00
2026-06-23 18:14:51 | INFO     | SimulationClock | Barrier sync: 1/1 exchange agents responded for tick 0
2026-06-23 18:14:51 | INFO     | SimulationClock | Broadcasting TIME_TICK to trading agents at 2025-03-01 09:30:00+00:00
2026-06-23 18:14:56 | INFO     | SimulationClock | Completed tick 0: advanced to 2025-03-01 09:30:30+00:00 
2026-06-23 18:14:56 | INFO     | SimulationClock | Broadcasting TIME_TICK to exchange agents at 2025-03-01 09:30:30+00:00
2026-06-23 18:14:56 | INFO     | SimulationClock | Barrier sync: 1/1 exchange agents responded for tick 1
2026-06-23 18:14:56 | INFO     | SimulationClock | Broadcasting TIME_TICK to trading agents at 2025-03-01 09:30:30+00:00
2026-06-23 18:15:01 | INFO     | SimulationClock | Completed tick 1: advanced to 2025-03-01 09:31:00+00:00 
2026-06-23 18:15:01 | INFO     | SimulationClock | Broadcasting TIME_TICK to exchange agents at 2025-03-01 09:31:00+00:00
2026-06-23 18:15:01 | INFO     | SimulationClock | Barrier sync: 1/1 exchange agents responded for tick 2
2026-06-23 18:15:01 | INFO     | SimulationClock | Broadcasting TIME_TICK to trading agents at 2025-03-01 09:31:00+00:00
2026-06-23 18:15:06 | INFO     | SimulationClock | Completed tick 2: advanced to 2025-03-01 09:31:30+00:00 
2026-06-23 18:15:06 | INFO     | SimulationClock | Broadcasting TIME_TICK to exchange agents at 2025-03-01 09:31:30+00:00
2026-06-23 18:15:06 | INFO     | SimulationClock | Barrier sync: 1/1 exchange agents responded for tick 3
2026-06-23 18:15:06 | INFO     | SimulationClock | Broadcasting TIME_TICK to trading agents at 2025-03-01 09:31:30+00:00
2026-06-23 18:15:11 | INFO     | SimulationClock | Completed tick 3: advanced to 2025-03-01 09:32:00+00:00 
2026-06-23 18:15:11 | INFO     | SimulationClock | Broadcasting TIME_TICK to exchange agents at 2025-03-01 09:32:00+00:00
2026-06-23 18:15:11 | INFO     | SimulationClock | Barrier sync: 1/1 exchange agents responded for tick 4
2026-06-23 18:15:11 | INFO     | SimulationClock | Broadcasting TIME_TICK to trading agents at 2025-03-01 09:32:00+00:00
2026-06-23 18:15:16 | INFO     | SimulationClock | Completed tick 4: advanced to 2025-03-01 09:32:30+00:00 
2026-06-23 18:15:16 | INFO     | SimulationClock | Broadcasting TIME_TICK to exchange agents at 2025-03-01 09:32:30+00:00
2026-06-23 18:15:16 | INFO     | SimulationClock | Barrier sync: 1/1 exchange agents responded for tick 5
2026-06-23 18:15:16 | INFO     | SimulationClock | Broadcasting TIME_TICK to trading agents at 2025-03-01 09:32:30+00:00
2026-06-23 18:15:21 | INFO     | SimulationClock | Completed tick 5: advanced to 2025-03-01 09:33:00+00:00 
2026-06-23 18:15:21 | INFO     | SimulationClock | Broadcasting TIME_TICK to exchange agents at 2025-03-01 09:33:00+00:00
2026-06-23 18:15:21 | INFO     | SimulationClock | Barrier sync: 1/1 exchange agents responded for tick 6
2026-06-23 18:15:21 | INFO     | SimulationClock | Broadcasting TIME_TICK to trading agents at 2025-03-01 09:33:00+00:00
2026-06-23 18:15:26 | INFO     | SimulationClock | Completed tick 6: advanced to 2025-03-01 09:33:30+00:00 
2026-06-23 18:15:26 | INFO     | SimulationClock | Broadcasting TIME_TICK to exchange agents at 2025-03-01 09:33:30+00:00
2026-06-23 18:15:26 | INFO     | SimulationClock | Barrier sync: 1/1 exchange agents responded for tick 7
2026-06-23 18:15:26 | INFO     | SimulationClock | Broadcasting TIME_TICK to trading agents at 2025-03-01 09:33:30+00:00
2026-06-23 18:15:31 | INFO     | SimulationClock | Completed tick 7: advanced to 2025-03-01 09:34:00+00:00 
2026-06-23 18:15:31 | INFO     | SimulationClock | Broadcasting TIME_TICK to exchange agents at 2025-03-01 09:34:00+00:00
2026-06-23 18:15:31 | INFO     | SimulationClock | Barrier sync: 1/1 exchange agents responded for tick 8
2026-06-23 18:15:31 | INFO     | SimulationClock | Broadcasting TIME_TICK to trading agents at 2025-03-01 09:34:00+00:00
2026-06-23 18:15:36 | INFO     | SimulationClock | Completed tick 8: advanced to 2025-03-01 09:34:30+00:00 
2026-06-23 18:15:36 | INFO     | SimulationClock | Broadcasting TIME_TICK to exchange agents at 2025-03-01 09:34:30+00:00
2026-06-23 18:15:36 | INFO     | SimulationClock | Barrier sync: 1/1 exchange agents responded for tick 9
2026-06-23 18:15:36 | INFO     | SimulationClock | Broadcasting TIME_TICK to trading agents at 2025-03-01 09:34:30+00:00
2026-06-23 18:15:41 | INFO     | SimulationClock | Completed tick 9: advanced to 2025-03-01 09:35:00+00:00 
2026-06-23 18:15:41 | INFO     | SimulationClock | Broadcasting TIME_TICK to exchange agents at 2025-03-01 09:35:00+00:00
2026-06-23 18:15:41 | INFO     | SimulationClock | Barrier sync: 1/1 exchange agents responded for tick 10
2026-06-23 18:15:41 | INFO     | SimulationClock | Broadcasting TIME_TICK to trading agents at 2025-03-01 09:35:00+00:00
2026-06-23 18:15:46 | INFO     | SimulationClock | Completed tick 10: advanced to 2025-03-01 09:35:30+00:00 
2026-06-23 18:15:46 | INFO     | SimulationClock | Broadcasting TIME_TICK to exchange agents at 2025-03-01 09:35:30+00:00
2026-06-23 18:15:46 | INFO     | SimulationClock | Barrier sync: 1/1 exchange agents responded for tick 11
2026-06-23 18:15:46 | INFO     | SimulationClock | Broadcasting TIME_TICK to trading agents at 2025-03-01 09:35:30+00:00
2026-06-23 18:15:51 | INFO     | SimulationClock | Completed tick 11: advanced to 2025-03-01 09:36:00+00:00 
2026-06-23 18:15:51 | INFO     | SimulationClock | Broadcasting TIME_TICK to exchange agents at 2025-03-01 09:36:00+00:00
2026-06-23 18:15:51 | INFO     | SimulationClock | Barrier sync: 1/1 exchange agents responded for tick 12
2026-06-23 18:15:51 | INFO     | SimulationClock | Broadcasting TIME_TICK to trading agents at 2025-03-01 09:36:00+00:00
2026-06-23 18:15:56 | INFO     | SimulationClock | Completed tick 12: advanced to 2025-03-01 09:36:30+00:00 
2026-06-23 18:15:56 | INFO     | SimulationClock | Broadcasting TIME_TICK to exchange agents at 2025-03-01 09:36:30+00:00
2026-06-23 18:15:56 | INFO     | SimulationClock | Barrier sync: 1/1 exchange agents responded for tick 13
2026-06-23 18:15:56 | INFO     | SimulationClock | Broadcasting TIME_TICK to trading agents at 2025-03-01 09:36:30+00:00
2026-06-23 18:16:01 | INFO     | SimulationClock | Completed tick 13: advanced to 2025-03-01 09:37:00+00:00 
2026-06-23 18:16:01 | INFO     | SimulationClock | Broadcasting TIME_TICK to exchange agents at 2025-03-01 09:37:00+00:00
2026-06-23 18:16:01 | INFO     | SimulationClock | Barrier sync: 1/1 exchange agents responded for tick 14
2026-06-23 18:16:01 | INFO     | SimulationClock | Broadcasting TIME_TICK to trading agents at 2025-03-01 09:37:00+00:00
2026-06-23 18:16:06 | INFO     | SimulationClock | Completed tick 14: advanced to 2025-03-01 09:37:30+00:00 
2026-06-23 18:16:06 | INFO     | SimulationClock | Broadcasting TIME_TICK to exchange agents at 2025-03-01 09:37:30+00:00
2026-06-23 18:16:06 | INFO     | SimulationClock | Barrier sync: 1/1 exchange agents responded for tick 15
2026-06-23 18:16:06 | INFO     | SimulationClock | Broadcasting TIME_TICK to trading agents at 2025-03-01 09:37:30+00:00
2026-06-23 18:16:11 | INFO     | SimulationClock | Completed tick 15: advanced to 2025-03-01 09:38:00+00:00 
2026-06-23 18:16:11 | INFO     | SimulationClock | Broadcasting TIME_TICK to exchange agents at 2025-03-01 09:38:00+00:00
2026-06-23 18:16:11 | INFO     | SimulationClock | Barrier sync: 1/1 exchange agents responded for tick 16
2026-06-23 18:16:11 | INFO     | SimulationClock | Broadcasting TIME_TICK to trading agents at 2025-03-01 09:38:00+00:00
2026-06-23 18:16:16 | INFO     | SimulationClock | Completed tick 16: advanced to 2025-03-01 09:38:30+00:00 
2026-06-23 18:16:16 | INFO     | SimulationClock | Broadcasting TIME_TICK to exchange agents at 2025-03-01 09:38:30+00:00
2026-06-23 18:16:17 | INFO     | SimulationClock | Barrier sync: 1/1 exchange agents responded for tick 17
2026-06-23 18:16:17 | INFO     | SimulationClock | Broadcasting TIME_TICK to trading agents at 2025-03-01 09:38:30+00:00
2026-06-23 18:16:22 | INFO     | SimulationClock | Completed tick 17: advanced to 2025-03-01 09:39:00+00:00 
2026-06-23 18:16:22 | INFO     | SimulationClock | Broadcasting TIME_TICK to exchange agents at 2025-03-01 09:39:00+00:00
2026-06-23 18:16:22 | INFO     | SimulationClock | Barrier sync: 1/1 exchange agents responded for tick 18
2026-06-23 18:16:22 | INFO     | SimulationClock | Broadcasting TIME_TICK to trading agents at 2025-03-01 09:39:00+00:00
2026-06-23 18:16:27 | INFO     | SimulationClock | Completed tick 18: advanced to 2025-03-01 09:39:30+00:00 
2026-06-23 18:16:27 | INFO     | SimulationClock | Broadcasting TIME_TICK to exchange agents at 2025-03-01 09:39:30+00:00
2026-06-23 18:16:27 | INFO     | SimulationClock | Barrier sync: 1/1 exchange agents responded for tick 19
2026-06-23 18:16:27 | INFO     | SimulationClock | Broadcasting TIME_TICK to trading agents at 2025-03-01 09:39:30+00:00
2026-06-23 18:16:32 | INFO     | SimulationClock | Completed tick 19: advanced to 2025-03-01 09:40:00+00:00 
2026-06-23 18:16:32 | INFO     | SimulationClock | Broadcasting TIME_TICK to exchange agents at 2025-03-01 09:40:00+00:00
2026-06-23 18:16:32 | INFO     | SimulationClock | Barrier sync: 1/1 exchange agents responded for tick 20
2026-06-23 18:16:32 | INFO     | SimulationClock | Broadcasting TIME_TICK to trading agents at 2025-03-01 09:40:00+00:00
2026-06-23 18:16:37 | INFO     | SimulationClock | Completed tick 20: advanced to 2025-03-01 09:40:30+00:00 
2026-06-23 18:16:37 | INFO     | SimulationClock | Broadcasting TIME_TICK to exchange agents at 2025-03-01 09:40:30+00:00
2026-06-23 18:16:37 | INFO     | SimulationClock | Barrier sync: 1/1 exchange agents responded for tick 21
2026-06-23 18:16:37 | INFO     | SimulationClock | Broadcasting TIME_TICK to trading agents at 2025-03-01 09:40:30+00:00
2026-06-23 18:16:42 | INFO     | SimulationClock | Completed tick 21: advanced to 2025-03-01 09:41:00+00:00 
2026-06-23 18:16:42 | INFO     | SimulationClock | Broadcasting TIME_TICK to exchange agents at 2025-03-01 09:41:00+00:00
2026-06-23 18:16:42 | INFO     | SimulationClock | Barrier sync: 1/1 exchange agents responded for tick 22
2026-06-23 18:16:42 | INFO     | SimulationClock | Broadcasting TIME_TICK to trading agents at 2025-03-01 09:41:00+00:00
2026-06-23 18:16:47 | INFO     | SimulationClock | Completed tick 22: advanced to 2025-03-01 09:41:30+00:00 
2026-06-23 18:16:47 | INFO     | SimulationClock | Broadcasting TIME_TICK to exchange agents at 2025-03-01 09:41:30+00:00
2026-06-23 18:16:47 | INFO     | SimulationClock | Barrier sync: 1/1 exchange agents responded for tick 23
2026-06-23 18:16:47 | INFO     | SimulationClock | Broadcasting TIME_TICK to trading agents at 2025-03-01 09:41:30+00:00
2026-06-23 18:16:52 | INFO     | SimulationClock | Completed tick 23: advanced to 2025-03-01 09:42:00+00:00 
2026-06-23 18:16:52 | INFO     | SimulationClock | Broadcasting TIME_TICK to exchange agents at 2025-03-01 09:42:00+00:00
2026-06-23 18:16:52 | INFO     | SimulationClock | Barrier sync: 1/1 exchange agents responded for tick 24
2026-06-23 18:16:52 | INFO     | SimulationClock | Broadcasting TIME_TICK to trading agents at 2025-03-01 09:42:00+00:00
2026-06-23 18:16:57 | INFO     | SimulationClock | Completed tick 24: advanced to 2025-03-01 09:42:30+00:00 
2026-06-23 18:16:57 | INFO     | SimulationClock | Broadcasting TIME_TICK to exchange agents at 2025-03-01 09:42:30+00:00
2026-06-23 18:16:57 | INFO     | SimulationClock | Barrier sync: 1/1 exchange agents responded for tick 25
2026-06-23 18:16:57 | INFO     | SimulationClock | Broadcasting TIME_TICK to trading agents at 2025-03-01 09:42:30+00:00
2026-06-23 18:17:02 | INFO     | SimulationClock | Completed tick 25: advanced to 2025-03-01 09:43:00+00:00 
2026-06-23 18:17:02 | INFO     | SimulationClock | Broadcasting TIME_TICK to exchange agents at 2025-03-01 09:43:00+00:00
2026-06-23 18:17:02 | INFO     | SimulationClock | Barrier sync: 1/1 exchange agents responded for tick 26
2026-06-23 18:17:02 | INFO     | SimulationClock | Broadcasting TIME_TICK to trading agents at 2025-03-01 09:43:00+00:00
2026-06-23 18:17:07 | INFO     | SimulationClock | Completed tick 26: advanced to 2025-03-01 09:43:30+00:00 
2026-06-23 18:17:07 | INFO     | SimulationClock | Broadcasting TIME_TICK to exchange agents at 2025-03-01 09:43:30+00:00
2026-06-23 18:17:07 | INFO     | SimulationClock | Barrier sync: 1/1 exchange agents responded for tick 27
2026-06-23 18:17:07 | INFO     | SimulationClock | Broadcasting TIME_TICK to trading agents at 2025-03-01 09:43:30+00:00
2026-06-23 18:17:12 | INFO     | SimulationClock | Completed tick 27: advanced to 2025-03-01 09:44:00+00:00 
2026-06-23 18:17:12 | INFO     | SimulationClock | Broadcasting TIME_TICK to exchange agents at 2025-03-01 09:44:00+00:00
2026-06-23 18:17:12 | INFO     | SimulationClock | Barrier sync: 1/1 exchange agents responded for tick 28
2026-06-23 18:17:12 | INFO     | SimulationClock | Broadcasting TIME_TICK to trading agents at 2025-03-01 09:44:00+00:00
2026-06-23 18:17:17 | INFO     | SimulationClock | Completed tick 28: advanced to 2025-03-01 09:44:30+00:00 
2026-06-23 18:17:17 | INFO     | SimulationClock | Broadcasting TIME_TICK to exchange agents at 2025-03-01 09:44:30+00:00
2026-06-23 18:17:17 | INFO     | SimulationClock | Barrier sync: 1/1 exchange agents responded for tick 29
2026-06-23 18:17:17 | INFO     | SimulationClock | Broadcasting TIME_TICK to trading agents at 2025-03-01 09:44:30+00:00
2026-06-23 18:17:22 | INFO     | SimulationClock | Completed tick 29: advanced to 2025-03-01 09:45:00+00:00 
2026-06-23 18:17:22 | INFO     | SimulationClock | Broadcasting TIME_TICK to exchange agents at 2025-03-01 09:45:00+00:00
2026-06-23 18:17:22 | INFO     | SimulationClock | Barrier sync: 1/1 exchange agents responded for tick 30
2026-06-23 18:17:22 | INFO     | SimulationClock | Broadcasting TIME_TICK to trading agents at 2025-03-01 09:45:00+00:00
2026-06-23 18:17:27 | INFO     | SimulationClock | Completed tick 30: advanced to 2025-03-01 09:45:30+00:00 
2026-06-23 18:17:27 | INFO     | SimulationClock | Broadcasting TIME_TICK to exchange agents at 2025-03-01 09:45:30+00:00
2026-06-23 18:17:27 | INFO     | SimulationClock | Barrier sync: 1/1 exchange agents responded for tick 31
2026-06-23 18:17:27 | INFO     | SimulationClock | Broadcasting TIME_TICK to trading agents at 2025-03-01 09:45:30+00:00
2026-06-23 18:17:32 | INFO     | SimulationClock | Completed tick 31: advanced to 2025-03-01 09:46:00+00:00 
2026-06-23 18:17:32 | INFO     | SimulationClock | Broadcasting TIME_TICK to exchange agents at 2025-03-01 09:46:00+00:00
2026-06-23 18:17:32 | INFO     | SimulationClock | Barrier sync: 1/1 exchange agents responded for tick 32
2026-06-23 18:17:32 | INFO     | SimulationClock | Broadcasting TIME_TICK to trading agents at 2025-03-01 09:46:00+00:00
2026-06-23 18:17:37 | INFO     | SimulationClock | Completed tick 32: advanced to 2025-03-01 09:46:30+00:00 
2026-06-23 18:17:37 | INFO     | SimulationClock | Broadcasting TIME_TICK to exchange agents at 2025-03-01 09:46:30+00:00
2026-06-23 18:17:37 | INFO     | SimulationClock | Barrier sync: 1/1 exchange agents responded for tick 33
2026-06-23 18:17:37 | INFO     | SimulationClock | Broadcasting TIME_TICK to trading agents at 2025-03-01 09:46:30+00:00
2026-06-23 18:17:42 | INFO     | SimulationClock | Completed tick 33: advanced to 2025-03-01 09:47:00+00:00 
2026-06-23 18:17:42 | INFO     | SimulationClock | Broadcasting TIME_TICK to exchange agents at 2025-03-01 09:47:00+00:00
2026-06-23 18:17:42 | INFO     | SimulationClock | Barrier sync: 1/1 exchange agents responded for tick 34
2026-06-23 18:17:42 | INFO     | SimulationClock | Broadcasting TIME_TICK to trading agents at 2025-03-01 09:47:00+00:00
2026-06-23 18:17:47 | INFO     | SimulationClock | Completed tick 34: advanced to 2025-03-01 09:47:30+00:00 
2026-06-23 18:17:47 | INFO     | SimulationClock | Broadcasting TIME_TICK to exchange agents at 2025-03-01 09:47:30+00:00
2026-06-23 18:17:47 | INFO     | SimulationClock | Barrier sync: 1/1 exchange agents responded for tick 35
2026-06-23 18:17:47 | INFO     | SimulationClock | Broadcasting TIME_TICK to trading agents at 2025-03-01 09:47:30+00:00
2026-06-23 18:17:52 | INFO     | SimulationClock | Completed tick 35: advanced to 2025-03-01 09:48:00+00:00 
2026-06-23 18:17:52 | INFO     | SimulationClock | Broadcasting TIME_TICK to exchange agents at 2025-03-01 09:48:00+00:00
2026-06-23 18:17:52 | INFO     | SimulationClock | Barrier sync: 1/1 exchange agents responded for tick 36
2026-06-23 18:17:52 | INFO     | SimulationClock | Broadcasting TIME_TICK to trading agents at 2025-03-01 09:48:00+00:00
2026-06-23 18:17:57 | INFO     | SimulationClock | Completed tick 36: advanced to 2025-03-01 09:48:30+00:00 
2026-06-23 18:17:57 | INFO     | SimulationClock | Broadcasting TIME_TICK to exchange agents at 2025-03-01 09:48:30+00:00
2026-06-23 18:17:57 | INFO     | SimulationClock | Barrier sync: 1/1 exchange agents responded for tick 37
2026-06-23 18:17:57 | INFO     | SimulationClock | Broadcasting TIME_TICK to trading agents at 2025-03-01 09:48:30+00:00
2026-06-23 18:18:02 | INFO     | SimulationClock | Completed tick 37: advanced to 2025-03-01 09:49:00+00:00 
2026-06-23 18:18:02 | INFO     | SimulationClock | Broadcasting TIME_TICK to exchange agents at 2025-03-01 09:49:00+00:00
2026-06-23 18:18:02 | INFO     | SimulationClock | Barrier sync: 1/1 exchange agents responded for tick 38
2026-06-23 18:18:02 | INFO     | SimulationClock | Broadcasting TIME_TICK to trading agents at 2025-03-01 09:49:00+00:00
2026-06-23 18:18:07 | INFO     | SimulationClock | Completed tick 38: advanced to 2025-03-01 09:49:30+00:00 
2026-06-23 18:18:07 | INFO     | SimulationClock | Broadcasting TIME_TICK to exchange agents at 2025-03-01 09:49:30+00:00
2026-06-23 18:18:07 | INFO     | SimulationClock | Barrier sync: 1/1 exchange agents responded for tick 39
2026-06-23 18:18:07 | INFO     | SimulationClock | Broadcasting TIME_TICK to trading agents at 2025-03-01 09:49:30+00:00
2026-06-23 18:18:12 | INFO     | SimulationClock | Completed tick 39: advanced to 2025-03-01 09:50:00+00:00 
2026-06-23 18:18:12 | INFO     | SimulationClock | Broadcasting TIME_TICK to exchange agents at 2025-03-01 09:50:00+00:00
2026-06-23 18:18:12 | INFO     | SimulationClock | Barrier sync: 1/1 exchange agents responded for tick 40
2026-06-23 18:18:12 | INFO     | SimulationClock | Broadcasting TIME_TICK to trading agents at 2025-03-01 09:50:00+00:00
2026-06-23 18:18:17 | INFO     | SimulationClock | Completed tick 40: advanced to 2025-03-01 09:50:30+00:00 
2026-06-23 18:18:17 | INFO     | SimulationClock | Broadcasting TIME_TICK to exchange agents at 2025-03-01 09:50:30+00:00
2026-06-23 18:18:17 | INFO     | SimulationClock | Barrier sync: 1/1 exchange agents responded for tick 41
2026-06-23 18:18:17 | INFO     | SimulationClock | Broadcasting TIME_TICK to trading agents at 2025-03-01 09:50:30+00:00
2026-06-23 18:18:22 | INFO     | SimulationClock | Completed tick 41: advanced to 2025-03-01 09:51:00+00:00 
2026-06-23 18:18:22 | INFO     | SimulationClock | Broadcasting TIME_TICK to exchange agents at 2025-03-01 09:51:00+00:00
2026-06-23 18:18:22 | INFO     | SimulationClock | Barrier sync: 1/1 exchange agents responded for tick 42
2026-06-23 18:18:22 | INFO     | SimulationClock | Broadcasting TIME_TICK to trading agents at 2025-03-01 09:51:00+00:00
2026-06-23 18:18:27 | INFO     | SimulationClock | Completed tick 42: advanced to 2025-03-01 09:51:30+00:00 
2026-06-23 18:18:27 | INFO     | SimulationClock | Broadcasting TIME_TICK to exchange agents at 2025-03-01 09:51:30+00:00
2026-06-23 18:18:27 | INFO     | SimulationClock | Barrier sync: 1/1 exchange agents responded for tick 43
2026-06-23 18:18:27 | INFO     | SimulationClock | Broadcasting TIME_TICK to trading agents at 2025-03-01 09:51:30+00:00
2026-06-23 18:18:32 | INFO     | SimulationClock | Completed tick 43: advanced to 2025-03-01 09:52:00+00:00 
2026-06-23 18:18:32 | INFO     | SimulationClock | Broadcasting TIME_TICK to exchange agents at 2025-03-01 09:52:00+00:00
2026-06-23 18:18:32 | INFO     | SimulationClock | Barrier sync: 1/1 exchange agents responded for tick 44
2026-06-23 18:18:32 | INFO     | SimulationClock | Broadcasting TIME_TICK to trading agents at 2025-03-01 09:52:00+00:00
2026-06-23 18:18:37 | INFO     | SimulationClock | Completed tick 44: advanced to 2025-03-01 09:52:30+00:00 
2026-06-23 18:18:37 | INFO     | SimulationClock | Broadcasting TIME_TICK to exchange agents at 2025-03-01 09:52:30+00:00
2026-06-23 18:18:37 | INFO     | SimulationClock | Barrier sync: 1/1 exchange agents responded for tick 45
2026-06-23 18:18:37 | INFO     | SimulationClock | Broadcasting TIME_TICK to trading agents at 2025-03-01 09:52:30+00:00
2026-06-23 18:18:42 | INFO     | SimulationClock | Completed tick 45: advanced to 2025-03-01 09:53:00+00:00 
2026-06-23 18:18:42 | INFO     | SimulationClock | Broadcasting TIME_TICK to exchange agents at 2025-03-01 09:53:00+00:00
2026-06-23 18:18:42 | INFO     | SimulationClock | Barrier sync: 1/1 exchange agents responded for tick 46
2026-06-23 18:18:42 | INFO     | SimulationClock | Broadcasting TIME_TICK to trading agents at 2025-03-01 09:53:00+00:00
2026-06-23 18:18:47 | INFO     | SimulationClock | Completed tick 46: advanced to 2025-03-01 09:53:30+00:00 
2026-06-23 18:18:47 | INFO     | SimulationClock | Broadcasting TIME_TICK to exchange agents at 2025-03-01 09:53:30+00:00
2026-06-23 18:18:47 | INFO     | SimulationClock | Barrier sync: 1/1 exchange agents responded for tick 47
2026-06-23 18:18:47 | INFO     | SimulationClock | Broadcasting TIME_TICK to trading agents at 2025-03-01 09:53:30+00:00
2026-06-23 18:18:52 | INFO     | SimulationClock | Completed tick 47: advanced to 2025-03-01 09:54:00+00:00 
2026-06-23 18:18:52 | INFO     | SimulationClock | Broadcasting TIME_TICK to exchange agents at 2025-03-01 09:54:00+00:00
2026-06-23 18:18:52 | INFO     | SimulationClock | Barrier sync: 1/1 exchange agents responded for tick 48
2026-06-23 18:18:52 | INFO     | SimulationClock | Broadcasting TIME_TICK to trading agents at 2025-03-01 09:54:00+00:00
2026-06-23 18:18:57 | INFO     | SimulationClock | Completed tick 48: advanced to 2025-03-01 09:54:30+00:00 
2026-06-23 18:18:57 | INFO     | SimulationClock | Broadcasting TIME_TICK to exchange agents at 2025-03-01 09:54:30+00:00
2026-06-23 18:18:57 | INFO     | SimulationClock | Barrier sync: 1/1 exchange agents responded for tick 49
2026-06-23 18:18:57 | INFO     | SimulationClock | Broadcasting TIME_TICK to trading agents at 2025-03-01 09:54:30+00:00
2026-06-23 18:19:02 | INFO     | SimulationClock | Completed tick 49: advanced to 2025-03-01 09:55:00+00:00 
2026-06-23 18:19:02 | INFO     | SimulationClock | Broadcasting TIME_TICK to exchange agents at 2025-03-01 09:55:00+00:00
2026-06-23 18:19:02 | INFO     | SimulationClock | Barrier sync: 1/1 exchange agents responded for tick 50
2026-06-23 18:19:02 | INFO     | SimulationClock | Broadcasting TIME_TICK to trading agents at 2025-03-01 09:55:00+00:00
2026-06-23 18:19:07 | INFO     | SimulationClock | Completed tick 50: advanced to 2025-03-01 09:55:30+00:00 
2026-06-23 18:19:07 | INFO     | SimulationClock | Broadcasting TIME_TICK to exchange agents at 2025-03-01 09:55:30+00:00
2026-06-23 18:19:07 | INFO     | SimulationClock | Barrier sync: 1/1 exchange agents responded for tick 51
2026-06-23 18:19:07 | INFO     | SimulationClock | Broadcasting TIME_TICK to trading agents at 2025-03-01 09:55:30+00:00
2026-06-23 18:19:12 | INFO     | SimulationClock | Completed tick 51: advanced to 2025-03-01 09:56:00+00:00 
2026-06-23 18:19:12 | INFO     | SimulationClock | Broadcasting TIME_TICK to exchange agents at 2025-03-01 09:56:00+00:00
2026-06-23 18:19:12 | INFO     | SimulationClock | Barrier sync: 1/1 exchange agents responded for tick 52
2026-06-23 18:19:12 | INFO     | SimulationClock | Broadcasting TIME_TICK to trading agents at 2025-03-01 09:56:00+00:00
2026-06-23 18:19:17 | INFO     | SimulationClock | Completed tick 52: advanced to 2025-03-01 09:56:30+00:00 
2026-06-23 18:19:17 | INFO     | SimulationClock | Broadcasting TIME_TICK to exchange agents at 2025-03-01 09:56:30+00:00
2026-06-23 18:19:17 | INFO     | SimulationClock | Barrier sync: 1/1 exchange agents responded for tick 53
2026-06-23 18:19:17 | INFO     | SimulationClock | Broadcasting TIME_TICK to trading agents at 2025-03-01 09:56:30+00:00
2026-06-23 18:19:22 | INFO     | SimulationClock | Completed tick 53: advanced to 2025-03-01 09:57:00+00:00 
2026-06-23 18:19:22 | INFO     | SimulationClock | Broadcasting TIME_TICK to exchange agents at 2025-03-01 09:57:00+00:00
2026-06-23 18:19:22 | INFO     | SimulationClock | Barrier sync: 1/1 exchange agents responded for tick 54
2026-06-23 18:19:22 | INFO     | SimulationClock | Broadcasting TIME_TICK to trading agents at 2025-03-01 09:57:00+00:00
2026-06-23 18:19:27 | INFO     | SimulationClock | Completed tick 54: advanced to 2025-03-01 09:57:30+00:00 
2026-06-23 18:19:27 | INFO     | SimulationClock | Broadcasting TIME_TICK to exchange agents at 2025-03-01 09:57:30+00:00
2026-06-23 18:19:27 | INFO     | SimulationClock | Barrier sync: 1/1 exchange agents responded for tick 55
2026-06-23 18:19:27 | INFO     | SimulationClock | Broadcasting TIME_TICK to trading agents at 2025-03-01 09:57:30+00:00
2026-06-23 18:19:32 | INFO     | SimulationClock | Completed tick 55: advanced to 2025-03-01 09:58:00+00:00 
2026-06-23 18:19:32 | INFO     | SimulationClock | Broadcasting TIME_TICK to exchange agents at 2025-03-01 09:58:00+00:00
2026-06-23 18:19:33 | INFO     | SimulationClock | Barrier sync: 1/1 exchange agents responded for tick 56
2026-06-23 18:19:33 | INFO     | SimulationClock | Broadcasting TIME_TICK to trading agents at 2025-03-01 09:58:00+00:00
2026-06-23 18:19:38 | INFO     | SimulationClock | Completed tick 56: advanced to 2025-03-01 09:58:30+00:00 
2026-06-23 18:19:38 | INFO     | SimulationClock | Broadcasting TIME_TICK to exchange agents at 2025-03-01 09:58:30+00:00
2026-06-23 18:19:38 | INFO     | SimulationClock | Barrier sync: 1/1 exchange agents responded for tick 57
2026-06-23 18:19:38 | INFO     | SimulationClock | Broadcasting TIME_TICK to trading agents at 2025-03-01 09:58:30+00:00
2026-06-23 18:19:43 | INFO     | SimulationClock | Completed tick 57: advanced to 2025-03-01 09:59:00+00:00 
2026-06-23 18:19:43 | INFO     | SimulationClock | Broadcasting TIME_TICK to exchange agents at 2025-03-01 09:59:00+00:00
2026-06-23 18:19:43 | INFO     | SimulationClock | Barrier sync: 1/1 exchange agents responded for tick 58
2026-06-23 18:19:43 | INFO     | SimulationClock | Broadcasting TIME_TICK to trading agents at 2025-03-01 09:59:00+00:00
2026-06-23 18:19:48 | INFO     | SimulationClock | Completed tick 58: advanced to 2025-03-01 09:59:30+00:00 
2026-06-23 18:19:48 | INFO     | SimulationClock | Broadcasting TIME_TICK to exchange agents at 2025-03-01 09:59:30+00:00
2026-06-23 18:19:48 | INFO     | SimulationClock | Barrier sync: 1/1 exchange agents responded for tick 59
2026-06-23 18:19:48 | INFO     | SimulationClock | Broadcasting TIME_TICK to trading agents at 2025-03-01 09:59:30+00:00
2026-06-23 18:19:53 | INFO     | SimulationClock | Completed tick 59: advanced to 2025-03-01 10:00:00+00:00 
2026-06-23 18:19:53 | INFO     | SimulationClock | Simulation completed. Initiating shutdown sequence...
2026-06-23 18:19:55 | INFO     | SimulationClock | Broadcasting STOP_SIMULATION to all agents
2026-06-23 18:19:58 | INFO     | SimulationClock | RabbitMQ connection closed successfully
2026-06-23 18:19:58 | INFO     | SimulationClock | Simulation shutdown complete
